[0.039s] Invoking command in '/home/dlyvern/Projects/cw_serv_ws/build/cw_serv': AMENT_PREFIX_PATH=/home/dlyvern/Projects/cw_serv_ws/install/action_interface:${AMENT_PREFIX_PATH} CMAKE_PREFIX_PATH=/home/dlyvern/Projects/cw_serv_ws/install/action_interface:/opt/ros/humble LD_LIBRARY_PATH=/home/dlyvern/Projects/cw_serv_ws/install/action_interface/lib:${LD_LIBRARY_PATH} PYTHONPATH=/home/dlyvern/Projects/cw_serv_ws/install/action_interface/local/lib/python3.10/dist-packages:${PYTHONPATH} /usr/bin/cmake --build /home/dlyvern/Projects/cw_serv_ws/build/cw_serv -- -j12 -l12
[0.075s] [  7%] [34m[1mAutomatic MOC and UIC for target cw_serv[0m
[0.097s] [  7%] Built target cw_serv_autogen
[0.129s] [35m[1mConsolidate compiler generated dependencies of target cw_serv[0m
[0.157s] [ 15%] [32mBuilding CXX object CMakeFiles/cw_serv.dir/src/main.cpp.o[0m
[0.157s] [ 30%] [32mBuilding CXX object CMakeFiles/cw_serv.dir/src/modules/Module.cpp.o[0m
[0.157s] [ 30%] [32mBuilding CXX object CMakeFiles/cw_serv.dir/src/modules/Logger.cpp.o[0m
[0.157s] [ 38%] [32mBuilding CXX object CMakeFiles/cw_serv.dir/src/modules/TCPServer.cpp.o[0m
[0.157s] [ 46%] [32mBuilding CXX object CMakeFiles/cw_serv.dir/src/modules/ServerParts/TCPClient.cpp.o[0m
[2.641s] [01m[K/home/dlyvern/Projects/cw_serv_ws/src/cw_serv/src/modules/TCPServer.cpp:[m[K In member function â€˜[01m[Kvirtual void TCPServer::Start()[m[Kâ€™:
[2.641s] [01m[K/home/dlyvern/Projects/cw_serv_ws/src/cw_serv/src/modules/TCPServer.cpp:37:1:[m[K [01;31m[Kerror: [m[Kversion control conflict marker in file
[2.641s]    37 | [01;31m[K<<<<<<<[m[K HEAD
[2.641s]       | [01;31m[K^~~~~~~[m[K
[2.641s] [01m[K/home/dlyvern/Projects/cw_serv_ws/src/cw_serv/src/modules/TCPServer.cpp:38:3:[m[K [01;31m[Kerror: [m[Kexpected primary-expression before â€˜[01m[K==[m[Kâ€™ token
[2.641s]    38 | ==[01;31m[K==[m[K===
[2.641s]       |   [01;31m[K^~[m[K
[2.641s] [01m[K/home/dlyvern/Projects/cw_serv_ws/src/cw_serv/src/modules/TCPServer.cpp:38:5:[m[K [01;31m[Kerror: [m[Kexpected primary-expression before â€˜[01m[K==[m[Kâ€™ token
[2.641s]    38 | ====[01;31m[K==[m[K=
[2.641s]       |     [01;31m[K^~[m[K
[2.641s] [01m[K/home/dlyvern/Projects/cw_serv_ws/src/cw_serv/src/modules/TCPServer.cpp:38:7:[m[K [01;31m[Kerror: [m[Kexpected primary-expression before â€˜[01m[K=[m[Kâ€™ token
[2.641s]    38 | ======[01;31m[K=[m[K
[2.641s]       |       [01;31m[K^[m[K
[2.648s] [01m[K/home/dlyvern/Projects/cw_serv_ws/src/cw_serv/src/modules/TCPServer.cpp:50:5:[m[K [01;31m[Kerror: [m[Kâ€˜[01m[Km_RunTimer[m[Kâ€™ was not declared in this scope
[2.648s]    50 |     [01;31m[Km_RunTimer[m[K = new QTimer();
[2.648s]       |     [01;31m[K^~~~~~~~~~[m[K
[2.649s] [01m[K/home/dlyvern/Projects/cw_serv_ws/src/cw_serv/src/modules/TCPServer.cpp:[m[K At global scope:
[2.649s] [01m[K/home/dlyvern/Projects/cw_serv_ws/src/cw_serv/src/modules/TCPServer.cpp:55:6:[m[K [01;31m[Kerror: [m[Kredefinition of â€˜[01m[Kvoid TCPServer::Start()[m[Kâ€™
[2.649s]    55 | void [01;31m[KTCPServer[m[K::Start()
[2.649s]       |      [01;31m[K^~~~~~~~~[m[K
[2.649s] [01m[K/home/dlyvern/Projects/cw_serv_ws/src/cw_serv/src/modules/TCPServer.cpp:20:6:[m[K [01;36m[Knote: [m[Kâ€˜[01m[Kvirtual void TCPServer::Start()[m[Kâ€™ previously defined here
[2.649s]    20 | void [01;36m[KTCPServer[m[K::Start()
[2.649s]       |      [01;36m[K^~~~~~~~~[m[K
[2.658s] [01m[K/home/dlyvern/Projects/cw_serv_ws/src/cw_serv/src/modules/TCPServer.cpp:[m[K In destructor â€˜[01m[Kvirtual TCPServer::~TCPServer()[m[Kâ€™:
[2.658s] [01m[K/home/dlyvern/Projects/cw_serv_ws/src/cw_serv/src/modules/TCPServer.cpp:147:1:[m[K [01;31m[Kerror: [m[Kversion control conflict marker in file
[2.658s]   147 | [01;31m[K<<<<<<<[m[K HEAD
[2.658s]       | [01;31m[K^~~~~~~[m[K
[2.658s] [01m[K/home/dlyvern/Projects/cw_serv_ws/src/cw_serv/src/modules/TCPServer.cpp:[m[K At global scope:
[2.658s] [01m[K/home/dlyvern/Projects/cw_serv_ws/src/cw_serv/src/modules/TCPServer.cpp:154:1:[m[K [01;31m[Kerror: [m[Kversion control conflict marker in file
[2.658s]   154 | [01;31m[K=======[m[K
[2.658s]       | [01;31m[K^~~~~~~[m[K
[2.658s] [01m[K/home/dlyvern/Projects/cw_serv_ws/src/cw_serv/src/modules/TCPServer.cpp:156:1:[m[K [01;31m[Kerror: [m[Kexpected declaration before â€˜[01m[K}[m[Kâ€™ token
[2.658s]   156 | [01;31m[K}[m[K
[2.658s]       | [01;31m[K^[m[K
[2.658s] [01m[K/home/dlyvern/Projects/cw_serv_ws/src/cw_serv/src/modules/TCPServer.cpp:157:1:[m[K [01;31m[Kerror: [m[Kversion control conflict marker in file
[2.658s]   157 | [01;31m[K>>>>>>>[m[K refs/remotes/origin/New
[2.658s]       | [01;31m[K^~~~~~~[m[K
[2.926s] [01m[K/home/dlyvern/Projects/cw_serv_ws/src/cw_serv/src/main.cpp:[m[K In function â€˜[01m[Kint main(int, char**)[m[Kâ€™:
[2.927s] [01m[K/home/dlyvern/Projects/cw_serv_ws/src/cw_serv/src/main.cpp:85:1:[m[K [01;31m[Kerror: [m[Kversion control conflict marker in file
[2.927s]    85 | [01;31m[K<<<<<<<[m[K HEAD
[2.927s]       | [01;31m[K^~~~~~~[m[K
[2.927s] [01m[K/home/dlyvern/Projects/cw_serv_ws/src/cw_serv/src/main.cpp:92:6:[m[K [01;31m[Kerror: [m[Kexpected primary-expression before â€˜[01m[K)[m[Kâ€™ token
[2.927s]    92 |     }[01;31m[K)[m[K.detach();
[2.927s]       |      [01;31m[K^[m[K
[2.927s] [01m[K/home/dlyvern/Projects/cw_serv_ws/src/cw_serv/src/main.cpp:93:1:[m[K [01;31m[Kerror: [m[Kversion control conflict marker in file
[2.927s]    93 | [01;31m[K=======[m[K
[2.927s]       | [01;31m[K^~~~~~~[m[K
[2.927s] [01m[K/home/dlyvern/Projects/cw_serv_ws/src/cw_serv/src/main.cpp:94:62:[m[K [01;31m[Kerror: [m[Kexpected primary-expression before â€˜[01m[K)[m[Kâ€™ token
[2.927s]    94 |     spin_thread = std::thread([&]{SpinNodes(multi_executor);}[01;31m[K)[m[K;
[2.927s]       |                                                              [01;31m[K^[m[K
[2.927s] [01m[K/home/dlyvern/Projects/cw_serv_ws/src/cw_serv/src/main.cpp:96:1:[m[K [01;31m[Kerror: [m[Kversion control conflict marker in file
[2.927s]    96 | [01;31m[K>>>>>>>[m[K refs/remotes/origin/New
[2.927s]       | [01;31m[K^~~~~~~[m[K
[2.933s] [01m[K/home/dlyvern/Projects/cw_serv_ws/src/cw_serv/src/main.cpp:102:12:[m[K [01;31m[Kerror: [m[Kâ€˜[01m[Kreturn_value[m[Kâ€™ was not declared in this scope
[2.933s]   102 |     return [01;31m[Kreturn_value[m[K;
[2.933s]       |            [01;31m[K^~~~~~~~~~~~[m[K
[3.147s] gmake[2]: *** [CMakeFiles/cw_serv.dir/build.make:174: CMakeFiles/cw_serv.dir/src/modules/TCPServer.cpp.o] Error 1
[3.147s] gmake[2]: *** Waiting for unfinished jobs....
[3.477s] gmake[2]: *** [CMakeFiles/cw_serv.dir/build.make:90: CMakeFiles/cw_serv.dir/src/main.cpp.o] Error 1
[6.598s] gmake[1]: *** [CMakeFiles/Makefile2:138: CMakeFiles/cw_serv.dir/all] Error 2
[6.598s] gmake: *** [Makefile:146: all] Error 2
[6.601s] Invoked command in '/home/dlyvern/Projects/cw_serv_ws/build/cw_serv' returned '2': AMENT_PREFIX_PATH=/home/dlyvern/Projects/cw_serv_ws/install/action_interface:${AMENT_PREFIX_PATH} CMAKE_PREFIX_PATH=/home/dlyvern/Projects/cw_serv_ws/install/action_interface:/opt/ros/humble LD_LIBRARY_PATH=/home/dlyvern/Projects/cw_serv_ws/install/action_interface/lib:${LD_LIBRARY_PATH} PYTHONPATH=/home/dlyvern/Projects/cw_serv_ws/install/action_interface/local/lib/python3.10/dist-packages:${PYTHONPATH} /usr/bin/cmake --build /home/dlyvern/Projects/cw_serv_ws/build/cw_serv -- -j12 -l12
